Build started 1/13/2013 8:33:52 PM.
     1>Project "C:\dev\ImageAcquisition\windows\vc9\ImageAcquisition.vcxproj" on node 2 (build target(s)).
     1>InitializeBuildStatus:
         Creating "Debug\ImageAcquisition.unsuccessfulbuild" because "AlwaysCreate" was specified.
       ClCompile:
         C:\Program Files (x86)\Microsoft Visual Studio 10.0\VC\bin\CL.exe /c /I"G:\PCL-SDK/include" /I..\.. /I"C:\dev\PCL-01.00.96.0377-20110716\include" /Zi /nologo /W3 /WX- /Od /Oy- /D WIN32 /D _WINDOWS /D __PCL_WINDOWS /D _DEBUG /D _ITERATOR_DEBUG_LEVEL=0 /D _WINDLL /D _MBCS /Gm /EHa /RTC1 /MDd /GS /fp:precise /Zc:wchar_t /Zc:forScope /Fo"Debug\\" /Fd"Debug\vc100.pdb" /TP /analyze- /errorReport:prompt ..\..\ExposeImageInstance.cpp
         ExposeImageInstance.cpp
       Link:
         C:\Program Files (x86)\Microsoft Visual Studio 10.0\VC\bin\link.exe /ERRORREPORT:PROMPT /OUT:"G:\PixInsight32\bin\ImageAcquisition-pxm.dll" /NOLOGO /LIBPATH:"G:\PCL-SDK\lib\windows\x86\vc10" "PCL-pxi.lib" kernel32.lib user32.lib gdi32.lib winspool.lib comdlg32.lib advapi32.lib shell32.lib ole32.lib oleaut32.lib uuid.lib odbc32.lib odbccp32.lib /MANIFEST /ManifestFile:"Debug\ImageAcquisition-pxm.dll.intermediate.manifest" /MANIFESTUAC:"level='asInvoker' uiAccess='false'" /DEBUG /PDB:"G:\PixInsight32\bin\ImageAcquisition-pxm.pdb" /SUBSYSTEM:WINDOWS /LARGEADDRESSAWARE /TLBID:1 /DYNAMICBASE /NXCOMPAT /IMPLIB:"Debug\ImageAcquisition.lib" /MACHINE:X86 /DLL Debug\CameraData.obj
         Debug\CameraDialog.obj
         Debug\CameraItem.obj
         Debug\DeviceItem.obj
         Debug\ExposeImageInstance.obj
         Debug\ExposeImageInterface.obj
         Debug\ExposeImageParameters.obj
         Debug\ExposeImageProcess.obj
         Debug\FilterWheelData.obj
         Debug\FilterWheelItem.obj
         Debug\ImageAcquisisitionSettingsParameters.obj
         Debug\ImageAcquisitionModule.obj
         Debug\ImageAcquisitionSession.obj
         Debug\ImageAcquisitionSessionInstance.obj
         Debug\ImageAcquisitionSessionInterface.obj
         Debug\ImageAcquisitionSessionParameters.obj
         Debug\ImageAcquisitionSessionProcess.obj
         Debug\ImageAcquisitionSettingsInstance.obj
         Debug\ImageAcquisitionSettingsInterface.obj
         Debug\ImageAcquisitionSettingsProcess.obj
         Debug\parsers.obj
         LINK : G:\PixInsight32\bin\ImageAcquisition-pxm.dll not found or not built by the last incremental link; performing full link
            Creating library Debug\ImageAcquisition.lib and object Debug\ImageAcquisition.exp
     1>LINK : warning LNK4098: defaultlib 'MSVCRT' conflicts with use of other libs; use /NODEFAULTLIB:library
         ImageAcquisition.vcxproj -> G:\PixInsight32\bin\ImageAcquisition-pxm.dll
       Manifest:
         C:\Program Files (x86)\Microsoft SDKs\Windows\v7.0A\bin\mt.exe /nologo /verbose /outputresource:"G:\PixInsight32\bin\ImageAcquisition-pxm.dll;#2" /manifest "Debug\ImageAcquisition-pxm.dll.intermediate.manifest"
       FinalizeBuildStatus:
         Deleting file "Debug\ImageAcquisition.unsuccessfulbuild".
         Touching "Debug\ImageAcquisition.lastbuildstate".
     1>Done Building Project "C:\dev\ImageAcquisition\windows\vc9\ImageAcquisition.vcxproj" (build target(s)).

Build succeeded.

Time Elapsed 00:00:02.16
