C:\DEV\IMAGEACQUISITION\WINDOWS\VC9\WIN32\DEBUG\CAMERADATA.OBJ
C:\DEV\IMAGEACQUISITION\WINDOWS\VC9\WIN32\DEBUG\CAMERADIALOG.OBJ
C:\DEV\IMAGEACQUISITION\WINDOWS\VC9\WIN32\DEBUG\CAMERAITEM.OBJ
C:\dev\ImageAcquisition\windows\vc9\Win32\Debug\cl.command.1.tlog
C:\dev\ImageAcquisition\windows\vc9\Win32\Debug\CL.read.1.tlog
C:\dev\ImageAcquisition\windows\vc9\Win32\Debug\CL.write.1.tlog
C:\DEV\IMAGEACQUISITION\WINDOWS\VC9\WIN32\DEBUG\DEVICEITEM.OBJ
C:\DEV\IMAGEACQUISITION\WINDOWS\VC9\WIN32\DEBUG\EXPOSEIMAGEINSTANCE.OBJ
C:\DEV\IMAGEACQUISITION\WINDOWS\VC9\WIN32\DEBUG\EXPOSEIMAGEINTERFACE.OBJ
C:\DEV\IMAGEACQUISITION\WINDOWS\VC9\WIN32\DEBUG\EXPOSEIMAGEPARAMETERS.OBJ
C:\DEV\IMAGEACQUISITION\WINDOWS\VC9\WIN32\DEBUG\EXPOSEIMAGEPROCESS.OBJ
C:\DEV\IMAGEACQUISITION\WINDOWS\VC9\WIN32\DEBUG\FILTERWHEELDATA.OBJ
C:\DEV\IMAGEACQUISITION\WINDOWS\VC9\WIN32\DEBUG\FILTERWHEELITEM.OBJ
C:\DEV\IMAGEACQUISITION\WINDOWS\VC9\WIN32\DEBUG\IMAGEACQUISISITIONSETTINGSPARAMETERS.OBJ
C:\dev\ImageAcquisition\windows\vc9\Win32\Debug\ImageAcquisition.dll.intermediate.manifest
C:\dev\ImageAcquisition\windows\vc9\Win32\Debug\ImageAcquisition.exp
C:\dev\ImageAcquisition\windows\vc9\Win32\Debug\ImageAcquisition.pdb
C:\dev\ImageAcquisition\windows\vc9\Win32\Debug\ImageAcquisition.write.1.tlog
C:\DEV\IMAGEACQUISITION\WINDOWS\VC9\WIN32\DEBUG\IMAGEACQUISITIONMODULE.OBJ
C:\DEV\IMAGEACQUISITION\WINDOWS\VC9\WIN32\DEBUG\IMAGEACQUISITIONSESSION.OBJ
C:\DEV\IMAGEACQUISITION\WINDOWS\VC9\WIN32\DEBUG\IMAGEACQUISITIONSESSIONINSTANCE.OBJ
C:\DEV\IMAGEACQUISITION\WINDOWS\VC9\WIN32\DEBUG\IMAGEACQUISITIONSESSIONINTERFACE.OBJ
C:\DEV\IMAGEACQUISITION\WINDOWS\VC9\WIN32\DEBUG\IMAGEACQUISITIONSESSIONPARAMETERS.OBJ
C:\DEV\IMAGEACQUISITION\WINDOWS\VC9\WIN32\DEBUG\IMAGEACQUISITIONSESSIONPROCESS.OBJ
C:\DEV\IMAGEACQUISITION\WINDOWS\VC9\WIN32\DEBUG\IMAGEACQUISITIONSETTINGSINSTANCE.OBJ
C:\DEV\IMAGEACQUISITION\WINDOWS\VC9\WIN32\DEBUG\IMAGEACQUISITIONSETTINGSINTERFACE.OBJ
C:\DEV\IMAGEACQUISITION\WINDOWS\VC9\WIN32\DEBUG\IMAGEACQUISITIONSETTINGSPROCESS.OBJ
C:\dev\ImageAcquisition\windows\vc9\Win32\Debug\link.command.1.tlog
C:\dev\ImageAcquisition\windows\vc9\Win32\Debug\link.read.1.tlog
C:\dev\ImageAcquisition\windows\vc9\Win32\Debug\link.write.1.tlog
C:\dev\ImageAcquisition\windows\vc9\Win32\Debug\mt.command.1.tlog
C:\dev\ImageAcquisition\windows\vc9\Win32\Debug\mt.read.1.tlog
C:\dev\ImageAcquisition\windows\vc9\Win32\Debug\mt.write.1.tlog
C:\DEV\IMAGEACQUISITION\WINDOWS\VC9\WIN32\DEBUG\PARSERS.OBJ
C:\dev\ImageAcquisition\windows\vc9\Win32\Debug\vc100.idb
C:\DEV\IMAGEACQUISITION\WINDOWS\VC9\WIN32\DEBUG\VC100.PDB
C:\IMAGEACQUISITION\WINDOWS\VC9\WIN32\DEBUG\CAMERADATA.OBJ
C:\IMAGEACQUISITION\WINDOWS\VC9\WIN32\DEBUG\CAMERADIALOG.OBJ
C:\IMAGEACQUISITION\WINDOWS\VC9\WIN32\DEBUG\CAMERAITEM.OBJ
C:\IMAGEACQUISITION\WINDOWS\VC9\WIN32\DEBUG\DEVICEITEM.OBJ
C:\IMAGEACQUISITION\WINDOWS\VC9\WIN32\DEBUG\EXPOSEIMAGEINSTANCE.OBJ
C:\IMAGEACQUISITION\WINDOWS\VC9\WIN32\DEBUG\EXPOSEIMAGEINTERFACE.OBJ
C:\IMAGEACQUISITION\WINDOWS\VC9\WIN32\DEBUG\EXPOSEIMAGEPARAMETERS.OBJ
C:\IMAGEACQUISITION\WINDOWS\VC9\WIN32\DEBUG\EXPOSEIMAGEPROCESS.OBJ
C:\IMAGEACQUISITION\WINDOWS\VC9\WIN32\DEBUG\FILTERWHEELDATA.OBJ
C:\IMAGEACQUISITION\WINDOWS\VC9\WIN32\DEBUG\FILTERWHEELITEM.OBJ
C:\IMAGEACQUISITION\WINDOWS\VC9\WIN32\DEBUG\IMAGEACQUISISITIONSETTINGSPARAMETERS.OBJ
C:\IMAGEACQUISITION\WINDOWS\VC9\WIN32\DEBUG\IMAGEACQUISITION.DLL.INTERMEDIATE.MANIFEST
C:\ImageAcquisition\windows\vc9\Win32\Debug\ImageAcquisition.exp
C:\ImageAcquisition\windows\vc9\Win32\Debug\ImageAcquisition.lib
C:\IMAGEACQUISITION\WINDOWS\VC9\WIN32\DEBUG\IMAGEACQUISITION.PDB
C:\IMAGEACQUISITION\WINDOWS\VC9\WIN32\DEBUG\IMAGEACQUISITIONMODULE.OBJ
C:\IMAGEACQUISITION\WINDOWS\VC9\WIN32\DEBUG\IMAGEACQUISITIONSESSION.OBJ
C:\IMAGEACQUISITION\WINDOWS\VC9\WIN32\DEBUG\IMAGEACQUISITIONSESSIONINSTANCE.OBJ
C:\IMAGEACQUISITION\WINDOWS\VC9\WIN32\DEBUG\IMAGEACQUISITIONSESSIONINTERFACE.OBJ
C:\IMAGEACQUISITION\WINDOWS\VC9\WIN32\DEBUG\IMAGEACQUISITIONSESSIONPARAMETERS.OBJ
C:\IMAGEACQUISITION\WINDOWS\VC9\WIN32\DEBUG\IMAGEACQUISITIONSESSIONPROCESS.OBJ
C:\IMAGEACQUISITION\WINDOWS\VC9\WIN32\DEBUG\IMAGEACQUISITIONSETTINGSINSTANCE.OBJ
C:\IMAGEACQUISITION\WINDOWS\VC9\WIN32\DEBUG\IMAGEACQUISITIONSETTINGSINTERFACE.OBJ
C:\IMAGEACQUISITION\WINDOWS\VC9\WIN32\DEBUG\IMAGEACQUISITIONSETTINGSPROCESS.OBJ
C:\IMAGEACQUISITION\WINDOWS\VC9\WIN32\DEBUG\PARSERS.OBJ
C:\IMAGEACQUISITION\WINDOWS\VC9\WIN32\DEBUG\VC100.PDB
C:\PIXINSIGHT32\BIN\IMAGEACQUISITION-PXM.DLL
C:\PIXINSIGHT32\BIN\IMAGEACQUISITION-PXM.ILK
G:\PIXINSIGHT32\BIN\IMAGEACQUISITION-PXM.DLL
