Build started 7/23/2011 1:15:03 PM.
     1>Project "C:\ImageAcquisition\windows\vc9\ImageAcquisition.vcxproj" on node 2 (build target(s)).
     1>InitializeBuildStatus:
         Creating "Win32\Release\ImageAcquisition.unsuccessfulbuild" because "AlwaysCreate" was specified.
       ClCompile:
         c:\Program Files (x86)\Microsoft Visual Studio 10.0\VC\bin\CL.exe /c /I"G:\PCL-SDK/include" /I..\.. /I\Users\draphael\PCL\include\pcl /nologo /W3 /WX- /O2 /Ob2 /Oi /Ot /Oy /GL /D WIN32 /D _WINDOWS /D __PCL_WINDOWS /D _DEBUG /D _ITERATOR_DEBUG_LEVEL=0 /D _NDEBUG /D _WINDLL /D _MBCS /GF /Gm- /EHa /MD /GS- /Gy- /fp:precise /Zc:wchar_t /Zc:forScope /Fo"Win32\Release\\" /Fd"Win32\Release\vc100.pdb" /Gd /TP /analyze- /errorReport:prompt ..\..\CameraData.cpp ..\..\CameraDialog.cpp ..\..\CameraItem.cpp ..\..\DeviceItem.cpp ..\..\ExposeImageInstance.cpp ..\..\ExposeImageInterface.cpp ..\..\ExposeImageParameters.cpp ..\..\ExposeImageProcess.cpp ..\..\ImageAcquisisitionSettingsParameters.cpp ..\..\ImageAcquisitionModule.cpp ..\..\ImageAcquisitionSession.cpp ..\..\ImageAcquisitionSessionInstance.cpp ..\..\ImageAcquisitionSessionInterface.cpp ..\..\ImageAcquisitionSessionParameters.cpp ..\..\ImageAcquisitionSessionProcess.cpp ..\..\ImageAcquisitionSettingsInstance.cpp ..\..\ImageAcquisitionSettingsInterface.cpp ..\..\ImageAcquisitionSettingsProcess.cpp ..\..\parsers.cpp
         CameraData.cpp
         CameraDialog.cpp
         CameraItem.cpp
         DeviceItem.cpp
         ExposeImageInstance.cpp
         ExposeImageInterface.cpp
         ExposeImageParameters.cpp
         ExposeImageProcess.cpp
         ImageAcquisisitionSettingsParameters.cpp
         ImageAcquisitionModule.cpp
         ImageAcquisitionSession.cpp
         ImageAcquisitionSessionInstance.cpp
         ImageAcquisitionSessionInterface.cpp
         ImageAcquisitionSessionParameters.cpp
         ImageAcquisitionSessionProcess.cpp
         ImageAcquisitionSettingsInstance.cpp
         ImageAcquisitionSettingsInterface.cpp
         ImageAcquisitionSettingsProcess.cpp
         parsers.cpp
     1>C:\Program Files (x86)\MSBuild\Microsoft.Cpp\v4.0\Microsoft.CppBuild.targets(990,5): warning MSB8012: TargetPath(C:\ImageAcquisition\windows\vc9\Win32\Release\ImageAcquisition.dll) does not match the Linker's OutputFile property value (G:\PixInsight32\bin\ImageAcquisition-pxm.dll). This may cause your project to build incorrectly. To correct this, please make sure that $(OutDir), $(TargetName) and $(TargetExt) property values match the value specified in %(Link.OutputFile).
     1>C:\Program Files (x86)\MSBuild\Microsoft.Cpp\v4.0\Microsoft.CppBuild.targets(992,5): warning MSB8012: TargetName(ImageAcquisition) does not match the Linker's OutputFile property value (ImageAcquisition-pxm). This may cause your project to build incorrectly. To correct this, please make sure that $(OutDir), $(TargetName) and $(TargetExt) property values match the value specified in %(Link.OutputFile).
       Link:
         c:\Program Files (x86)\Microsoft Visual Studio 10.0\VC\bin\link.exe /ERRORREPORT:PROMPT /OUT:"G:\PixInsight32\bin\ImageAcquisition-pxm.dll" /NOLOGO /LIBPATH:"G:\PCL-SDK\lib\windows\x86\vc10" "PCL-pxi.lib" kernel32.lib user32.lib gdi32.lib winspool.lib comdlg32.lib advapi32.lib shell32.lib ole32.lib oleaut32.lib uuid.lib odbc32.lib odbccp32.lib /MANIFEST /ManifestFile:"Win32\Release\ImageAcquisition.dll.intermediate.manifest" /MANIFESTUAC:"level='asInvoker' uiAccess='false'" /PDB:"C:\ImageAcquisition\windows\vc9\Win32\Release\ImageAcquisition.pdb" /SUBSYSTEM:WINDOWS /LARGEADDRESSAWARE /LTCG /TLBID:1 /DYNAMICBASE /NXCOMPAT /DELAY:UNLOAD /IMPLIB:"Win32\Release\ImageAcquisition.lib" /MACHINE:X86 /DLL Win32\Release\CameraData.obj
         Win32\Release\CameraDialog.obj
         Win32\Release\CameraItem.obj
         Win32\Release\DeviceItem.obj
         Win32\Release\ExposeImageInstance.obj
         Win32\Release\ExposeImageInterface.obj
         Win32\Release\ExposeImageParameters.obj
         Win32\Release\ExposeImageProcess.obj
         Win32\Release\ImageAcquisisitionSettingsParameters.obj
         Win32\Release\ImageAcquisitionModule.obj
         Win32\Release\ImageAcquisitionSession.obj
         Win32\Release\ImageAcquisitionSessionInstance.obj
         Win32\Release\ImageAcquisitionSessionInterface.obj
         Win32\Release\ImageAcquisitionSessionParameters.obj
         Win32\Release\ImageAcquisitionSessionProcess.obj
         Win32\Release\ImageAcquisitionSettingsInstance.obj
         Win32\Release\ImageAcquisitionSettingsInterface.obj
         Win32\Release\ImageAcquisitionSettingsProcess.obj
         Win32\Release\parsers.obj
            Creating library Win32\Release\ImageAcquisition.lib and object Win32\Release\ImageAcquisition.exp
         Generating code
         Finished generating code
         ImageAcquisition.vcxproj -> C:\ImageAcquisition\windows\vc9\Win32\Release\ImageAcquisition.dll
       Manifest:
         C:\Program Files (x86)\Microsoft SDKs\Windows\v7.0A\bin\mt.exe /nologo /verbose /outputresource:"G:\PixInsight32\bin\ImageAcquisition-pxm.dll;#2" /manifest Win32\Release\ImageAcquisition.dll.intermediate.manifest
       FinalizeBuildStatus:
         Deleting file "Win32\Release\ImageAcquisition.unsuccessfulbuild".
         Touching "Win32\Release\ImageAcquisition.lastbuildstate".
     1>Done Building Project "C:\ImageAcquisition\windows\vc9\ImageAcquisition.vcxproj" (build target(s)).

Build succeeded.

Time Elapsed 00:00:13.63
